# JRE version: OpenJDK Runtime Environment Temurin-17.0.10+7 (17.0.10+7) (build 17.0.10+7)
# Java VM: OpenJDK 64-Bit Server VM Temurin-17.0.10+7 (17.0.10+7, mixed mode, tiered, compressed oops, compressed class ptrs, g1 gc, windows-amd64)
GC Precious Log:
 CPUs: 4 total, 4 available
 Memory: 3965M
 Large Page Support: Disabled
 NUMA Support: Disabled
 Compressed Oops: Enabled (32-bit)
 Heap Region Size: 1M
 Heap Min Capacity: 8M
 Heap Initial Capacity: 62M
 Heap Max Capacity: 992M
 Pre-touch: Disabled
 Parallel Workers: 4
 Concurrent Workers: 1
 Concurrent Refinement Workers: 4
 Periodic GC: Disabled
Heap:
 garbage-first heap   total 37888K, used 18334K [0x00000000c2000000, 0x0000000100000000)
  region size 1024K, 7 young (7168K), 1 survivors (1024K)
 Metaspace       used 29747K, committed 30016K, reserved 1114112K
  class space    used 3351K, committed 3456K, reserved 1048576K
GC Heap History (16 events):
Event: 16.257 GC heap before
{Heap before GC invocations=0 (full 0):
 garbage-first heap   total 63488K, used 14336K [0x00000000c2000000, 0x0000000100000000)
  region size 1024K, 13 young (13312K), 0 survivors (0K)
 Metaspace       used 10734K, committed 10944K, reserved 1114112K
  class space    used 998K, committed 1088K, reserved 1048576K
}
Event: 16.314 GC heap after
{Heap after GC invocations=1 (full 0):
 garbage-first heap   total 63488K, used 6077K [0x00000000c2000000, 0x0000000100000000)
  region size 1024K, 2 young (2048K), 2 survivors (2048K)
 Metaspace       used 10734K, committed 10944K, reserved 1114112K
  class space    used 998K, committed 1088K, reserved 1048576K
}
Event: 21.983 GC heap before
{Heap before GC invocations=1 (full 0):
 garbage-first heap   total 63488K, used 15293K [0x00000000c2000000, 0x0000000100000000)
  region size 1024K, 12 young (12288K), 2 survivors (2048K)
 Metaspace       used 13891K, committed 14080K, reserved 1114112K
  class space    used 1383K, committed 1472K, reserved 1048576K
}
Event: 21.992 GC heap after
{Heap after GC invocations=2 (full 0):
 garbage-first heap   total 63488K, used 6697K [0x00000000c2000000, 0x0000000100000000)
  region size 1024K, 1 young (1024K), 1 survivors (1024K)
 Metaspace       used 13891K, committed 14080K, reserved 1114112K
  class space    used 1383K, committed 1472K, reserved 1048576K
}
Event: 28.369 GC heap before
{Heap before GC invocations=2 (full 0):
 garbage-first heap   total 63488K, used 26153K [0x00000000c2000000, 0x0000000100000000)
  region size 1024K, 21 young (21504K), 1 survivors (1024K)
 Metaspace       used 19844K, committed 20096K, reserved 1114112K
  class space    used 2107K, committed 2176K, reserved 1048576K
}
Event: 28.377 GC heap after
{Heap after GC invocations=3 (full 0):
 garbage-first heap   total 63488K, used 8211K [0x00000000c2000000, 0x0000000100000000)
  region size 1024K, 3 young (3072K), 3 survivors (3072K)
 Metaspace       used 19844K, committed 20096K, reserved 1114112K
  class space    used 2107K, committed 2176K, reserved 1048576K
}
Event: 29.057 GC heap before
{Heap before GC invocations=3 (full 0):
 garbage-first heap   total 63488K, used 12307K [0x00000000c2000000, 0x0000000100000000)
  region size 1024K, 8 young (8192K), 3 survivors (3072K)
 Metaspace       used 21284K, committed 21504K, reserved 1114112K
  class space    used 2260K, committed 2368K, reserved 1048576K
}
Event: 29.063 GC heap after
{Heap after GC invocations=4 (full 0):
 garbage-first heap   total 63488K, used 9023K [0x00000000c2000000, 0x0000000100000000)
  region size 1024K, 3 young (3072K), 3 survivors (3072K)
 Metaspace       used 21284K, committed 21504K, reserved 1114112K
  class space    used 2260K, committed 2368K, reserved 1048576K
}
Event: 31.232 GC heap before
{Heap before GC invocations=5 (full 0):
 garbage-first heap   total 37888K, used 26431K [0x00000000c2000000, 0x0000000100000000)
  region size 1024K, 22 young (22528K), 3 survivors (3072K)
 Metaspace       used 25832K, committed 26112K, reserved 1114112K
  class space    used 2873K, committed 3008K, reserved 1048576K
}
Event: 31.243 GC heap after
{Heap after GC invocations=6 (full 0):
 garbage-first heap   total 37888K, used 11169K [0x00000000c2000000, 0x0000000100000000)
  region size 1024K, 3 young (3072K), 3 survivors (3072K)
 Metaspace       used 25832K, committed 26112K, reserved 1114112K
  class space    used 2873K, committed 3008K, reserved 1048576K
}
Event: 31.370 GC heap before
{Heap before GC invocations=6 (full 0):
 garbage-first heap   total 37888K, used 12193K [0x00000000c2000000, 0x0000000100000000)
  region size 1024K, 4 young (4096K), 3 survivors (3072K)
 Metaspace       used 25915K, committed 26176K, reserved 1114112K
  class space    used 2884K, committed 3008K, reserved 1048576K
}
Event: 31.378 GC heap after
{Heap after GC invocations=7 (full 0):
 garbage-first heap   total 37888K, used 11471K [0x00000000c2000000, 0x0000000100000000)
  region size 1024K, 1 young (1024K), 1 survivors (1024K)
 Metaspace       used 25915K, committed 26176K, reserved 1114112K
  class space    used 2884K, committed 3008K, reserved 1048576K
}
Event: 34.365 GC heap before
{Heap before GC invocations=7 (full 0):
 garbage-first heap   total 37888K, used 24783K [0x00000000c2000000, 0x0000000100000000)
  region size 1024K, 14 young (14336K), 1 survivors (1024K)
 Metaspace       used 27334K, committed 27584K, reserved 1114112K
  class space    used 3035K, committed 3136K, reserved 1048576K
}
Event: 34.371 GC heap after
{Heap after GC invocations=8 (full 0):
 garbage-first heap   total 37888K, used 12221K [0x00000000c2000000, 0x0000000100000000)
  region size 1024K, 2 young (2048K), 2 survivors (2048K)
 Metaspace       used 27334K, committed 27584K, reserved 1114112K
  class space    used 3035K, committed 3136K, reserved 1048576K
}
Event: 37.792 GC heap before
{Heap before GC invocations=8 (full 0):
 garbage-first heap   total 37888K, used 24509K [0x00000000c2000000, 0x0000000100000000)
  region size 1024K, 15 young (15360K), 2 survivors (2048K)
 Metaspace       used 28930K, committed 29248K, reserved 1114112K
  class space    used 3240K, committed 3392K, reserved 1048576K
}
Event: 37.798 GC heap after
{Heap after GC invocations=9 (full 0):
 garbage-first heap   total 37888K, used 13214K [0x00000000c2000000, 0x0000000100000000)
  region size 1024K, 1 young (1024K), 1 survivors (1024K)
 Metaspace       used 28930K, committed 29248K, reserved 1114112K
  class space    used 3240K, committed 3392K, reserved 1048576K
}

